[debug] [2021-11-20T15:56:48.893Z] ----------------------------------------------------------------------
[debug] [2021-11-20T15:56:48.899Z] Command:       C:\Program Files\nodejs\node.exe C:\Users\User\AppData\Roaming\npm\node_modules\firebase-tools\lib\bin\firebase.js init
[debug] [2021-11-20T15:56:48.900Z] CLI Version:   9.23.0
[debug] [2021-11-20T15:56:48.901Z] Platform:      win32
[debug] [2021-11-20T15:56:48.901Z] Node Version:  v14.18.1
[debug] [2021-11-20T15:56:48.903Z] Time:          Sat Nov 20 2021 22:56:48 GMT+0700 (Western Indonesia Time)
[debug] [2021-11-20T15:56:48.903Z] ----------------------------------------------------------------------
[debug] 
[debug] [2021-11-20T15:56:48.919Z] > command requires scopes: ["email","openid","https://www.googleapis.com/auth/cloudplatformprojects.readonly","https://www.googleapis.com/auth/firebase","https://www.googleapis.com/auth/cloud-platform"]
[debug] [2021-11-20T15:56:48.920Z] > authorizing via signed-in user (zamiaswad@gmail.com)
[info] 
     ######## #### ########  ######## ########     ###     ######  ########
     ##        ##  ##     ## ##       ##     ##  ##   ##  ##       ##
     ######    ##  ########  ######   ########  #########  ######  ######
     ##        ##  ##    ##  ##       ##     ## ##     ##       ## ##
     ##       #### ##     ## ######## ########  ##     ##  ######  ########

You're about to initialize a Firebase project in this directory:

  F:\React\simple-note

[info] 
=== Project Setup
[info] 
[info] First, let's associate this project directory with a Firebase project.
[info] You can create multiple project aliases by running firebase use --add, 
[info] but for now we'll just set up a default project.
[info] 
[debug] [2021-11-20T15:57:15.315Z] > refreshing access token with scopes: []
[debug] [2021-11-20T15:57:15.316Z] >>> HTTP REQUEST POST https://www.googleapis.com/oauth2/v3/token  
 <request body omitted>
[debug] [2021-11-20T15:57:15.623Z] <<< HTTP RESPONSE 200 {"pragma":"no-cache","expires":"Mon, 01 Jan 1990 00:00:00 GMT","cache-control":"no-cache, no-store, max-age=0, must-revalidate","date":"Sat, 20 Nov 2021 15:57:23 GMT","content-type":"application/json; charset=utf-8","vary":"X-Origin, Referer, Origin,Accept-Encoding","server":"scaffolding on HTTPServer2","x-xss-protection":"0","x-frame-options":"SAMEORIGIN","x-content-type-options":"nosniff","alt-svc":"h3=\":443\"; ma=2592000,h3-29=\":443\"; ma=2592000,h3-Q050=\":443\"; ma=2592000,h3-Q046=\":443\"; ma=2592000,h3-Q043=\":443\"; ma=2592000,quic=\":443\"; ma=2592000; v=\"46,43\"","accept-ranges":"none","transfer-encoding":"chunked"}
[debug] [2021-11-20T15:57:15.652Z] >>> [apiv2][query] GET https://firebase.googleapis.com/v1beta1/projects pageSize=100
[debug] [2021-11-20T15:57:16.426Z] <<< [apiv2][status] GET https://firebase.googleapis.com/v1beta1/projects 200
[debug] [2021-11-20T15:57:16.426Z] <<< [apiv2][body] GET https://firebase.googleapis.com/v1beta1/projects [omitted]
[info] i  Using project simple-note-b08ef (simple-note) 
[info] 
=== Database Setup
[info] i  database: ensuring required API firebasedatabase.googleapis.com is enabled... 
[debug] [2021-11-20T15:57:18.880Z] > refreshing access token with scopes: ["email","https://www.googleapis.com/auth/cloud-platform","https://www.googleapis.com/auth/cloudplatformprojects.readonly","https://www.googleapis.com/auth/firebase","openid"]
[debug] [2021-11-20T15:57:18.881Z] >>> HTTP REQUEST POST https://www.googleapis.com/oauth2/v3/token  
 <request body omitted>
[debug] [2021-11-20T15:57:19.076Z] <<< HTTP RESPONSE 200 {"pragma":"no-cache","expires":"Mon, 01 Jan 1990 00:00:00 GMT","cache-control":"no-cache, no-store, max-age=0, must-revalidate","date":"Sat, 20 Nov 2021 15:57:26 GMT","content-type":"application/json; charset=utf-8","vary":"X-Origin, Referer, Origin,Accept-Encoding","server":"scaffolding on HTTPServer2","x-xss-protection":"0","x-frame-options":"SAMEORIGIN","x-content-type-options":"nosniff","alt-svc":"h3=\":443\"; ma=2592000,h3-29=\":443\"; ma=2592000,h3-Q050=\":443\"; ma=2592000,h3-Q046=\":443\"; ma=2592000,h3-Q043=\":443\"; ma=2592000,quic=\":443\"; ma=2592000; v=\"46,43\"","accept-ranges":"none","transfer-encoding":"chunked"}
[debug] [2021-11-20T15:57:19.093Z] >>> HTTP REQUEST GET https://serviceusage.googleapis.com/v1/projects/simple-note-b08ef/services/firebasedatabase.googleapis.com  
 
[debug] [2021-11-20T15:57:20.611Z] <<< HTTP RESPONSE 200 {"content-type":"application/json; charset=UTF-8","vary":"X-Origin, Referer, Origin,Accept-Encoding","date":"Sat, 20 Nov 2021 15:57:28 GMT","server":"ESF","cache-control":"private","x-xss-protection":"0","x-frame-options":"SAMEORIGIN","x-content-type-options":"nosniff","alt-svc":"h3=\":443\"; ma=2592000,h3-29=\":443\"; ma=2592000,h3-Q050=\":443\"; ma=2592000,h3-Q046=\":443\"; ma=2592000,h3-Q043=\":443\"; ma=2592000,quic=\":443\"; ma=2592000; v=\"46,43\"","accept-ranges":"none","transfer-encoding":"chunked"}
[info] +  database: required API firebasedatabase.googleapis.com is enabled 
[info] 
[debug] [2021-11-20T15:57:20.616Z] >>> HTTP REQUEST GET https://firebasedatabase.googleapis.com/v1beta/projects/simple-note-b08ef/locations/-/instances/simple-note-b08ef-default-rtdb  
 
[debug] [2021-11-20T15:57:21.408Z] <<< HTTP RESPONSE 200 {"content-type":"application/json; charset=UTF-8","vary":"X-Origin, Referer, Origin,Accept-Encoding","date":"Sat, 20 Nov 2021 15:57:29 GMT","server":"ESF","cache-control":"private","x-xss-protection":"0","x-frame-options":"SAMEORIGIN","x-content-type-options":"nosniff","alt-svc":"h3=\":443\"; ma=2592000,h3-29=\":443\"; ma=2592000,h3-Q050=\":443\"; ma=2592000,h3-Q046=\":443\"; ma=2592000,h3-Q043=\":443\"; ma=2592000,quic=\":443\"; ma=2592000; v=\"46,43\"","accept-ranges":"none","transfer-encoding":"chunked"}
[info] 
[info] Firebase Realtime Database Security Rules allow you to define how your data should be
[info] structured and when your data can be read from and written to.
[info] 
[debug] [2021-11-20T15:58:52.776Z] >>> HTTP REQUEST GET https://simple-note-b08ef-default-rtdb.firebaseio.com/.settings/rules.json  
 
[debug] [2021-11-20T15:58:53.770Z] <<< HTTP RESPONSE 200 {"server":"nginx","date":"Sat, 20 Nov 2021 15:59:01 GMT","content-type":"application/json; charset=utf-8","content-length":"123","connection":"keep-alive","access-control-allow-origin":"*","cache-control":"no-cache","strict-transport-security":"max-age=31556926; includeSubDomains; preload"}
[debug] [2021-11-20T15:58:54.022Z] Error: EISDIR: illegal operation on a directory, open 'F:\React\simple-note'
    at Object.openSync (fs.js:497:3)
    at Object.writeFileSync (fs.js:1528:35)
    at Object.createFileSync (C:\Users\User\AppData\Roaming\npm\node_modules\firebase-tools\node_modules\fs-extra\lib\ensure\file.js:43:6)
    at Config.writeProjectFile (C:\Users\User\AppData\Roaming\npm\node_modules\firebase-tools\lib\config.js:144:12)
    at writeDBRules (C:\Users\User\AppData\Roaming\npm\node_modules\firebase-tools\lib\init\features\database.js:27:12)
    at Object.doSetup [as database] (C:\Users\User\AppData\Roaming\npm\node_modules\firebase-tools\lib\init\features\database.js:117:13)
    at processTicksAndRejections (internal/process/task_queues.js:95:5)
    at async init (C:\Users\User\AppData\Roaming\npm\node_modules\firebase-tools\lib\init\index.js:19:9)
[error] 
[error] Error: An unexpected error has occurred.
[debug] [2021-11-20T15:59:55.826Z] ----------------------------------------------------------------------
[debug] [2021-11-20T15:59:55.833Z] Command:       C:\Program Files\nodejs\node.exe C:\Users\User\AppData\Roaming\npm\node_modules\firebase-tools\lib\bin\firebase.js init
[debug] [2021-11-20T15:59:55.835Z] CLI Version:   9.23.0
[debug] [2021-11-20T15:59:55.835Z] Platform:      win32
[debug] [2021-11-20T15:59:55.836Z] Node Version:  v14.18.1
[debug] [2021-11-20T15:59:55.839Z] Time:          Sat Nov 20 2021 22:59:55 GMT+0700 (Western Indonesia Time)
[debug] [2021-11-20T15:59:55.840Z] ----------------------------------------------------------------------
[debug] 
[debug] [2021-11-20T15:59:55.865Z] > command requires scopes: ["email","openid","https://www.googleapis.com/auth/cloudplatformprojects.readonly","https://www.googleapis.com/auth/firebase","https://www.googleapis.com/auth/cloud-platform"]
[debug] [2021-11-20T15:59:55.865Z] > authorizing via signed-in user (zamiaswad@gmail.com)
[info] 
     ######## #### ########  ######## ########     ###     ######  ########
     ##        ##  ##     ## ##       ##     ##  ##   ##  ##       ##
     ######    ##  ########  ######   ########  #########  ######  ######
     ##        ##  ##    ##  ##       ##     ## ##     ##       ## ##
     ##       #### ##     ## ######## ########  ##     ##  ######  ########

You're about to initialize a Firebase project in this directory:

  F:\React\simple-note

